<?xml version="1.0" encoding="UTF-8"?>
<!-- Generated by org.testng.reporters.JUnitXMLReporter -->
<testsuite ignored="0" hostname="YRUS" failures="0" tests="4" name="Test" time="32.651" errors="0" timestamp="2024-03-25T13:20:56 EDT">
  <testcase classname="testCases.TC_001_AccountRegistrationTest" name="verify_account_registration" time="2.823"/>
  <testcase classname="testCases.TC_002_LoginTest" name="verify_login" time="1.974"/>
  <testcase classname="testCases.TC_004_SearchProductTest" name="verify_pruductSearch" time="0.817"/>
  <testcase classname="testCases.TC_005_AddToCartPageTest" name="verify_addToCart" time="3.062"/>
</testsuite> <!-- Test -->
