<?xml version="1.0" encoding="UTF-8"?>
<!-- Generated by org.testng.reporters.JUnitXMLReporter -->
<testsuite ignored="0" hostname="YRUS" failures="1" tests="2" name="Test(failed)" time="19.049" errors="0" timestamp="2024-03-23T19:54:35 EDT">
  <testcase classname="testCases.TC_002_LoginTest" name="verify_login" time="1.573"/>
  <testcase classname="testCases.TC_001_AccountRegistrationTest" name="verify_account_registration" time="2.67">
    <failure type="java.lang.AssertionError" message="expected [Your Account Has Been Created!!!] but found [Your Account Has Been Created!]">
      <![CDATA[java.lang.AssertionError: expected [Your Account Has Been Created!!!] but found [Your Account Has Been Created!]
at testCases.TC_001_AccountRegistrationTest.verify_account_registration(TC_001_AccountRegistrationTest.java:54)
at java.base/java.util.ArrayList.forEach(ArrayList.java:1596)
... Removed 31 stack frames]]>
    </failure>
  </testcase> <!-- verify_account_registration -->
</testsuite> <!-- Test(failed) -->
